Vivado Simulator v2023.1
Copyright 1986-2022 Xilinx, Inc. All Rights Reserved.
Copyright 2022-2023 Advanced Micro Devices, Inc. All Rights Reserved.
Running: E:/Xilinxapp/Vivado/2023.1/bin/unwrapped/win64.o/xelab.exe --incr --debug typical --relax --mt 2 -L xil_defaultlib -L fifo_generator_v13_2_8 -L blk_mem_gen_v8_4_6 -L unisims_ver -L unimacro_ver -L secureip -L xpm --snapshot tb1_behav xil_defaultlib.tb1 xil_defaultlib.glbl -log elaborate.log 
Using 2 slave threads.
Starting static elaboration
Pass Through NonSizing Optimizer
Completed static elaboration
Starting simulation data flow analysis
Completed simulation data flow analysis
Time Resolution for simulation is 1ps
Compiling module fifo_generator_v13_2_8.fifo_generator_v13_2_8_sync_stag...
Compiling module fifo_generator_v13_2_8.fifo_generator_v13_2_8_bhv_ver_a...
Compiling module fifo_generator_v13_2_8.fifo_generator_v13_2_8_CONV_VER(...
Compiling module fifo_generator_v13_2_8.fifo_generator_vlog_beh(C_DATA_C...
Compiling module xil_defaultlib.afifo_w8_d4k
Compiling module fifo_generator_v13_2_8.fifo_generator_v13_2_8_sync_stag...
Compiling module fifo_generator_v13_2_8.fifo_generator_v13_2_8_bhv_ver_a...
Compiling module fifo_generator_v13_2_8.fifo_generator_v13_2_8_CONV_VER(...
Compiling module fifo_generator_v13_2_8.fifo_generator_vlog_beh(C_DATA_C...
Compiling module xil_defaultlib.afifo_w16_d32
Compiling module xil_defaultlib.port_in
Compiling module fifo_generator_v13_2_8.fifo_generator_v13_2_8_bhv_ver_s...
Compiling module fifo_generator_v13_2_8.fifo_generator_v13_2_8_CONV_VER(...
Compiling module fifo_generator_v13_2_8.fifo_generator_vlog_beh(C_COMMON...
Compiling module xil_defaultlib.sfifo_w8_d16k
Compiling module fifo_generator_v13_2_8.fifo_generator_v13_2_8_bhv_ver_s...
Compiling module fifo_generator_v13_2_8.fifo_generator_v13_2_8_CONV_VER(...
Compiling module fifo_generator_v13_2_8.fifo_generator_vlog_beh(C_COMMON...
Compiling module xil_defaultlib.sfifo_w16_d32
Compiling module xil_defaultlib.interface_mux
Compiling module xil_defaultlib.frame_process
Compiling module xil_defaultlib.switch_pre
Compiling module fifo_generator_v13_2_8.fifo_generator_v13_2_8_bhv_ver_s...
Compiling module fifo_generator_v13_2_8.fifo_generator_v13_2_8_bhv_ver_p...
Compiling module fifo_generator_v13_2_8.fifo_generator_v13_2_8_CONV_VER(...
Compiling module fifo_generator_v13_2_8.fifo_generator_vlog_beh(C_COMMON...
Compiling module xil_defaultlib.sfifo_ft_w128_d256
Compiling module fifo_generator_v13_2_8.fifo_generator_v13_2_8_bhv_ver_s...
Compiling module fifo_generator_v13_2_8.fifo_generator_v13_2_8_bhv_ver_p...
Compiling module fifo_generator_v13_2_8.fifo_generator_v13_2_8_CONV_VER(...
Compiling module fifo_generator_v13_2_8.fifo_generator_vlog_beh(C_COMMON...
Compiling module xil_defaultlib.sfifo_ft_w16_d32
Compiling module fifo_generator_v13_2_8.fifo_generator_v13_2_8_bhv_ver_s...
Compiling module fifo_generator_v13_2_8.fifo_generator_v13_2_8_bhv_ver_p...
Compiling module fifo_generator_v13_2_8.fifo_generator_v13_2_8_CONV_VER(...
Compiling module fifo_generator_v13_2_8.fifo_generator_vlog_beh(C_COMMON...
Compiling module xil_defaultlib.sfifo_ft_w14_d1024
Compiling module xil_defaultlib.multi_user_fq
Compiling module blk_mem_gen_v8_4_6.blk_mem_gen_v8_4_6_output_stage(...
Compiling module blk_mem_gen_v8_4_6.blk_mem_gen_v8_4_6_output_stage(...
Compiling module blk_mem_gen_v8_4_6.blk_mem_gen_v8_4_6_softecc_outpu...
Compiling module blk_mem_gen_v8_4_6.blk_mem_gen_v8_4_6_mem_module(C_...
Compiling module blk_mem_gen_v8_4_6.blk_mem_gen_v8_4_6(C_FAMILY="art...
Compiling module xil_defaultlib.sram_w16_d512
Compiling module xil_defaultlib.switch_qc
Compiling module blk_mem_gen_v8_4_6.blk_mem_gen_v8_4_6_output_stage(...
Compiling module blk_mem_gen_v8_4_6.blk_mem_gen_v8_4_6_output_stage(...
Compiling module blk_mem_gen_v8_4_6.blk_mem_gen_v8_4_6_softecc_outpu...
Compiling module blk_mem_gen_v8_4_6.blk_mem_gen_v8_4_6_mem_module(C_...
Compiling module blk_mem_gen_v8_4_6.blk_mem_axi_regs_fwd_v8_4(C_DATA...
Compiling module blk_mem_gen_v8_4_6.blk_mem_gen_v8_4_6(C_FAMILY="art...
Compiling module xil_defaultlib.sram_w128_d2k
Compiling module xil_defaultlib.switch_sram
Compiling module xil_defaultlib.switch_core
Compiling module fifo_generator_v13_2_8.fifo_generator_v13_2_8_bhv_ver_s...
Compiling module fifo_generator_v13_2_8.fifo_generator_v13_2_8_bhv_ver_p...
Compiling module fifo_generator_v13_2_8.fifo_generator_v13_2_8_CONV_VER(...
Compiling module fifo_generator_v13_2_8.fifo_generator_vlog_beh(C_COMMON...
Compiling module xil_defaultlib.sfifo_ft_w144_d256
Compiling module fifo_generator_v13_2_8.fifo_generator_v13_2_8_bhv_ver_s...
Compiling module fifo_generator_v13_2_8.fifo_generator_v13_2_8_CONV_VER(...
Compiling module fifo_generator_v13_2_8.fifo_generator_vlog_beh(C_COMMON...
Compiling module xil_defaultlib.sfifo_w8_d4k
Compiling module xil_defaultlib.switch_post
Compiling module xil_defaultlib.switch_post_top
Compiling module xil_defaultlib.switch_top
Compiling module xil_defaultlib.tb1
Compiling module xil_defaultlib.glbl
Built simulation snapshot tb1_behav
